<?xml version="1.0" encoding="UTF-8"?>
<!-- Generated by org.testng.reporters.JUnitReportReporter -->
<testsuite skipped="0" hostname="MohamedMurtuza" name="Action.Action" tests="1" failures="0" timestamp="2020-04-26T06:42:21 IST" time="17.130" errors="0">
  <testcase name="actionClass" time="17.130" classname="Action.Action"/>
  <system-out/>
</testsuite> <!-- Action.Action -->
