<?xml version="1.0" encoding="UTF-8"?>
<!-- Generated by org.testng.reporters.JUnitReportReporter -->
<testsuite skipped="0" hostname="MohamedMurtuza" name="Qaclickacademy.RestAssuredTest" tests="2" failures="0" timestamp="2020-04-03T10:41:13 IST" time="0.004" errors="0">
  <testcase name="apiTest" time="0.002" classname="Qaclickacademy.RestAssuredTest"/>
  <system-out/>
  <testcase name="postmanTest" time="0.002" classname="Qaclickacademy.RestAssuredTest"/>
  <system-out/>
</testsuite> <!-- Qaclickacademy.RestAssuredTest -->
