<?xml version="1.0" encoding="UTF-8"?>
<!-- Generated by org.testng.reporters.JUnitReportReporter -->
<testsuite skipped="0" hostname="MohamedMurtuza" name="Qaclickacademy.ExcelDataDriven" tests="1" failures="0" timestamp="2020-04-09T16:18:34 IST" time="0.687" errors="0">
  <testcase name="excel" time="0.687" classname="Qaclickacademy.ExcelDataDriven"/>
  <system-out/>
</testsuite> <!-- Qaclickacademy.ExcelDataDriven -->
