<?xml version="1.0" encoding="UTF-8"?>
<!-- Generated by org.testng.reporters.JUnitReportReporter -->
<testsuite skipped="0" hostname="MohamedMurtuza" name="Qaclickacademy.AppiumTest" tests="2" failures="0" timestamp="2020-04-03T10:41:13 IST" time="0.005" errors="0">
  <testcase name="appiumTest" time="0.004" classname="Qaclickacademy.AppiumTest"/>
  <system-out/>
  <testcase name="mobileTest" time="0.001" classname="Qaclickacademy.AppiumTest"/>
  <system-out/>
</testsuite> <!-- Qaclickacademy.AppiumTest -->
