<?xml version="1.0" encoding="UTF-8"?>
<!-- Generated by org.testng.reporters.JUnitReportReporter -->
<testsuite skipped="0" hostname="MohamedMurtuza" name="Qaclickacademy.ChromOptions" tests="1" failures="0" timestamp="2020-04-25T01:00:46 IST" time="7.986" errors="0">
  <testcase name="sequence" time="7.986" classname="Qaclickacademy.ChromOptions"/>
  <system-out/>
</testsuite> <!-- Qaclickacademy.ChromOptions -->
