<?xml version="1.0" encoding="UTF-8"?>
<!-- Generated by org.testng.reporters.JUnitReportReporter -->
<testsuite skipped="0" hostname="MohamedMurtuza" name="dataBase.DB3" tests="1" failures="0" timestamp="2020-04-27T05:47:55 IST" time="1.236" errors="0">
  <testcase name="db3" time="1.236" classname="dataBase.DB3"/>
  <system-out/>
</testsuite> <!-- dataBase.DB3 -->
