<?xml version="1.0" encoding="UTF-8"?>
<!-- Generated by org.testng.reporters.JUnitReportReporter -->
<testsuite skipped="0" hostname="MohamedMurtuza" name="robotClass.RoboAgain" tests="1" failures="0" timestamp="2020-04-26T22:30:20 IST" time="15.471" errors="0">
  <testcase name="robo" time="15.471" classname="robotClass.RoboAgain"/>
  <system-out/>
</testsuite> <!-- robotClass.RoboAgain -->
