<?xml version="1.0" encoding="UTF-8"?>
<!-- Generated by org.testng.reporters.JUnitReportReporter -->
<testsuite skipped="0" hostname="MohamedMurtuza" name="staleElement.StatleElement" tests="1" failures="0" timestamp="2020-04-25T14:23:05 IST" time="17.329" errors="0">
  <testcase name="stale" time="17.329" classname="staleElement.StatleElement"/>
  <system-out/>
</testsuite> <!-- staleElement.StatleElement -->
