<?xml version="1.0" encoding="UTF-8"?>
<!-- Generated by org.testng.reporters.JUnitReportReporter -->
<testsuite skipped="0" hostname="MohamedMurtuza" name="dataBase.DB2" tests="1" failures="0" timestamp="2020-04-26T22:12:46 IST" time="0.709" errors="0">
  <testcase name="databasedemo" time="0.709" classname="dataBase.DB2"/>
  <system-out/>
</testsuite> <!-- dataBase.DB2 -->
