<?xml version="1.0" encoding="UTF-8"?>
<!-- Generated by org.testng.reporters.JUnitReportReporter -->
<testsuite skipped="0" hostname="MohamedMurtuza" name="charSequence.char1" tests="1" failures="0" timestamp="2020-04-27T05:22:00 IST" time="12.470" errors="0">
  <testcase name="charSq" time="12.470" classname="charSequence.char1"/>
  <system-out/>
</testsuite> <!-- charSequence.char1 -->
