<?xml version="1.0" encoding="UTF-8"?>
<!-- Generated by org.testng.reporters.JUnitReportReporter -->
<testsuite skipped="0" hostname="MohamedMurtuza" name="robotClass.Robot3" tests="1" failures="0" timestamp="2020-04-27T05:55:20 IST" time="16.290" errors="0">
  <testcase name="robo3" time="16.290" classname="robotClass.Robot3"/>
  <system-out/>
</testsuite> <!-- robotClass.Robot3 -->
