<?xml version="1.0" encoding="UTF-8"?>
<!-- Generated by org.testng.reporters.JUnitReportReporter -->
<testsuite skipped="0" hostname="MohamedMurtuza" name="practice.XL" tests="1" failures="0" timestamp="2020-04-25T18:26:50 IST" time="0.630" errors="0">
  <testcase name="xcel" time="0.630" classname="practice.XL"/>
  <system-out/>
</testsuite> <!-- practice.XL -->
