<?xml version="1.0" encoding="UTF-8"?>
<!-- Generated by org.testng.reporters.JUnitReportReporter -->
<testsuite skipped="0" hostname="MohamedMurtuza" name="Qaclickacademy.NewTab" tests="1" failures="0" timestamp="2020-04-25T04:39:09 IST" time="29.290" errors="0">
  <testcase name="newTab" time="29.290" classname="Qaclickacademy.NewTab"/>
  <system-out/>
</testsuite> <!-- Qaclickacademy.NewTab -->
