<?xml version="1.0" encoding="UTF-8"?>
<!-- Generated by org.testng.reporters.JUnitReportReporter -->
<testsuite skipped="0" hostname="MohamedMurtuza" name="Qaclickacademy.Array" tests="1" failures="0" timestamp="2020-04-25T00:15:30 IST" time="0.008" errors="0">
  <testcase name="array" time="0.008" classname="Qaclickacademy.Array"/>
  <system-out/>
</testsuite> <!-- Qaclickacademy.Array -->
