<?xml version="1.0" encoding="UTF-8"?>
<!-- Generated by org.testng.reporters.JUnitReportReporter -->
<testsuite skipped="0" hostname="MohamedMurtuza" name="webElements.WebElementsSize" tests="1" failures="0" timestamp="2020-04-28T16:53:06 IST" time="13.084" errors="0">
  <testcase name="findSize" time="13.084" classname="webElements.WebElementsSize"/>
  <system-out/>
</testsuite> <!-- webElements.WebElementsSize -->
