<?xml version="1.0" encoding="UTF-8"?>
<!-- Generated by org.testng.reporters.JUnitReportReporter -->
<testsuite skipped="0" hostname="MohamedMurtuza" name="dataBase.DB1" tests="1" failures="0" timestamp="2020-04-26T15:26:36 IST" time="0.934" errors="0">
  <testcase name="dbDemo" time="0.934" classname="dataBase.DB1"/>
  <system-out/>
</testsuite> <!-- dataBase.DB1 -->
