<?xml version="1.0" encoding="UTF-8"?>
<!-- Generated by org.testng.reporters.JUnitReportReporter -->
<testsuite skipped="0" hostname="MohamedMurtuza" name="fileUploadUsingRobotClass.FileUpload" tests="1" failures="0" timestamp="2020-04-26T20:57:51 IST" time="18.656" errors="0">
  <testcase name="upload" time="18.656" classname="fileUploadUsingRobotClass.FileUpload"/>
  <system-out/>
</testsuite> <!-- fileUploadUsingRobotClass.FileUpload -->
