<?xml version="1.0" encoding="UTF-8"?>
<!-- Generated by org.testng.reporters.JUnitReportReporter -->
<testsuite skipped="0" hostname="MohamedMurtuza" name="charSequence.CharString" tests="1" failures="0" timestamp="2020-04-26T05:29:34 IST" time="14.669" errors="0">
  <testcase name="string" time="14.669" classname="charSequence.CharString"/>
  <system-out/>
</testsuite> <!-- charSequence.CharString -->
