<?xml version="1.0" encoding="UTF-8"?>
<!-- Generated by org.testng.reporters.JUnitReportReporter -->
<testsuite skipped="0" hostname="MohamedMurtuza" name="practice.array" tests="1" failures="0" timestamp="2020-04-25T15:01:49 IST" time="0.000" errors="0">
  <testcase name="singleArray" time="0.000" classname="practice.array"/>
  <system-out/>
</testsuite> <!-- practice.array -->
