<?xml version="1.0" encoding="UTF-8"?>
<!-- Generated by org.testng.reporters.JUnitReportReporter -->
<testsuite skipped="0" hostname="MohamedMurtuza" name="Qaclickacademy.SeleniumTest" tests="2" failures="0" timestamp="2020-04-03T10:41:13 IST" time="0.020" errors="0">
  <testcase name="elementUi" time="0.002" classname="Qaclickacademy.SeleniumTest"/>
  <system-out/>
  <testcase name="browserAutomation" time="0.018" classname="Qaclickacademy.SeleniumTest"/>
  <system-out/>
</testsuite> <!-- Qaclickacademy.SeleniumTest -->
