<?xml version="1.0" encoding="UTF-8"?>
<!-- Generated by org.testng.reporters.JUnitReportReporter -->
<testsuite skipped="0" hostname="MohamedMurtuza" name="Qaclickacademy.SeleniumTest" tests="2" failures="0" timestamp="07 Apr 2020 18:02:31 GMT" time="0.012" errors="0">
  <testcase name="browserAutomation" time="0.012" classname="Qaclickacademy.SeleniumTest"/>
  <testcase name="elementUi" time="0.000" classname="Qaclickacademy.SeleniumTest"/>
</testsuite> <!-- Qaclickacademy.SeleniumTest -->
