<?xml version="1.0" encoding="UTF-8"?>
<!-- Generated by org.testng.reporters.JUnitReportReporter -->
<testsuite skipped="0" hostname="MohamedMurtuza" name="Qaclickacademy.RestAssuredTest" tests="2" failures="0" timestamp="07 Apr 2020 18:02:31 GMT" time="0.000" errors="0">
  <testcase name="postmanTest" time="0.000" classname="Qaclickacademy.RestAssuredTest"/>
  <testcase name="apiTest" time="0.000" classname="Qaclickacademy.RestAssuredTest"/>
</testsuite> <!-- Qaclickacademy.RestAssuredTest -->
