<?xml version="1.0" encoding="UTF-8"?>
<!-- Generated by org.testng.reporters.JUnitReportReporter -->
<testsuite skipped="0" hostname="MohamedMurtuza" name="Qaclickacademy.AppiumTest" tests="2" failures="0" timestamp="07 Apr 2020 18:02:31 GMT" time="0.002" errors="0">
  <testcase name="appiumTest" time="0.001" classname="Qaclickacademy.AppiumTest"/>
  <testcase name="mobileTest" time="0.001" classname="Qaclickacademy.AppiumTest"/>
</testsuite> <!-- Qaclickacademy.AppiumTest -->
